<?xml version="1.0" encoding="UTF-8"?>
<!-- Generated by org.testng.reporters.JUnitReportReporter -->
<testsuite hostname="DELL" failures="0" tests="1" name="sept18_testcase.bankloan_testbase" time="50.901" errors="0" timestamp="2020-12-12T19:35:46 IST" skipped="0">
  <testcase classname="sept18_testcase.bankloan_testbase" name="calculate" time="50.901"/>
  <system-out/>
</testsuite> <!-- sept18_testcase.bankloan_testbase -->
