<?xml version="1.0" encoding="UTF-8"?>
<!-- Generated by org.testng.reporters.JUnitReportReporter -->
<testsuite hostname="DELL" failures="0" tests="1" name="sept18_testcase.flipkart_testbase" time="28.113" errors="0" timestamp="2020-10-05T10:33:29 IST" skipped="0">
  <testcase classname="sept18_testcase.flipkart_testbase" name="signin" time="28.113"/>
  <system-out/>
</testsuite> <!-- sept18_testcase.flipkart_testbase -->
