<?xml version="1.0" encoding="UTF-8"?>
<!-- Generated by org.testng.reporters.JUnitReportReporter -->
<testsuite hostname="DELL" failures="0" tests="1" name="sept18_testcase.first_testcase" time="0.016" errors="0" timestamp="2020-12-08T18:13:15 IST" skipped="0">
  <testcase classname="sept18_testcase.first_testcase" name="logintest" time="0.016"/>
  <system-out/>
</testsuite> <!-- sept18_testcase.first_testcase -->
