<?xml version="1.0" encoding="UTF-8"?>
<!-- Generated by org.testng.reporters.JUnitReportReporter -->
<testsuite hostname="DELL" failures="0" tests="2" name="sept18_testcase.fourth_testcase" time="0.013" errors="0" timestamp="2020-10-03T12:34:13 IST" skipped="0">
  <testcase classname="sept18_testcase.fourth_testcase" name="register" time="0.008"/>
  <system-out/>
  <testcase classname="sept18_testcase.fourth_testcase" name="login" time="0.005"/>
  <system-out/>
</testsuite> <!-- sept18_testcase.fourth_testcase -->
