<?xml version="1.0" encoding="UTF-8"?>
<!-- Generated by org.testng.reporters.JUnitReportReporter -->
<testsuite hostname="DELL" failures="0" tests="3" name="sept18_testcase.fifthtestcase" time="0.020" errors="0" timestamp="2021-03-22T12:21:31 IST" skipped="0">
  <testcase classname="sept18_testcase.fifthtestcase" name="Close" time="0.016"/>
  <system-out/>
  <testcase classname="sept18_testcase.fifthtestcase" name="Login" time="0.002"/>
  <system-out/>
  <testcase classname="sept18_testcase.fifthtestcase" name="Register" time="0.002"/>
  <system-out/>
</testsuite> <!-- sept18_testcase.fifthtestcase -->
