<?xml version="1.0" encoding="UTF-8"?>
<!-- Generated by org.testng.reporters.JUnitReportReporter -->
<testsuite hostname="ZERO_BOOK_13" failures="0" tests="1" name="sept18_testcase.first_testcase" time="0.003" errors="0" timestamp="2023-10-11T15:21:06 IST" skipped="0">
  <testcase classname="sept18_testcase.first_testcase" name="logintest" time="0.003"/>
</testsuite> <!-- sept18_testcase.first_testcase -->
