<?xml version="1.0" encoding="UTF-8"?>
<!-- Generated by org.testng.reporters.JUnitReportReporter -->
<testsuite hostname="DELL" failures="0" tests="2" name="sept18_testcase.second_testcase" time="0.027" errors="0" timestamp="2021-03-15T17:33:35 IST" skipped="0">
  <testcase classname="sept18_testcase.second_testcase" name="dologintest" time="0.023"/>
  <system-out/>
  <testcase classname="sept18_testcase.second_testcase" name="register" time="0.004"/>
  <system-out/>
</testsuite> <!-- sept18_testcase.second_testcase -->
