<?xml version="1.0" encoding="UTF-8"?>
<!-- Generated by org.testng.reporters.JUnitReportReporter -->
<testsuite hostname="DELL" failures="0" tests="1" name="sept18_testcase.datadriven_framework" time="23.050" errors="0" timestamp="2020-10-08T15:19:54 IST" skipped="0">
  <testcase classname="sept18_testcase.datadriven_framework" name="calculate" time="23.050"/>
  <system-out/>
</testsuite> <!-- sept18_testcase.datadriven_framework -->
