<?xml version="1.0" encoding="UTF-8"?>
<!-- Generated by org.testng.reporters.JUnitReportReporter -->
<testsuite hostname="DELL" failures="0" tests="2" name="sept18_testcase.third_testcase" time="0.019" errors="0" timestamp="2020-12-11T15:33:24 IST" skipped="0">
  <testcase classname="sept18_testcase.third_testcase" name="doregister" time="0.012"/>
  <system-out/>
  <testcase classname="sept18_testcase.third_testcase" name="dologin" time="0.007"/>
  <system-out/>
</testsuite> <!-- sept18_testcase.third_testcase -->
